

Microchip MPLAB XC8 Assembler V2.45 build 20230818022343 
                                                                                               Wed Nov 08 21:35:14 2023

Microchip MPLAB XC8 C Compiler v2.45 (Free license) build 20230818022343 Og1 
     1                           	processor	12F675
     2                           	pagewidth 120
     3                           	opt	flic
     4                           	psect	cinit,global,class=CODE,merge=1,delta=2
     5                           	psect	cstackBANK0,global,class=BANK0,space=1,delta=1,noexec
     6                           	psect	maintext,global,class=CODE,split=1,delta=2
     7                           	psect	idloc,global,abs,ovrld,class=IDLOC,space=5,delta=2,noexec
     8                           	psect	config,global,abs,ovrld,class=CONFIG,space=4,delta=2,noexec
     9                           	dabs	1,0x5E,2
    10     0000                     
    11                           ; Version 2.40
    12                           ; Generated 06/12/2021 GMT
    13                           ; 
    14                           ; Copyright © 2021, Microchip Technology Inc. and its subsidiaries ("Microchip")
    15                           ; All rights reserved.
    16                           ; 
    17                           ; This software is developed by Microchip Technology Inc. and its subsidiaries ("Microch
      +                          ip").
    18                           ; 
    19                           ; Redistribution and use in source and binary forms, with or without modification, are
    20                           ; permitted provided that the following conditions are met:
    21                           ; 
    22                           ;     1. Redistributions of source code must retain the above copyright notice, this lis
      +                          t of
    23                           ;        conditions and the following disclaimer.
    24                           ; 
    25                           ;     2. Redistributions in binary form must reproduce the above copyright notice, this 
      +                          list
    26                           ;        of conditions and the following disclaimer in the documentation and/or other
    27                           ;        materials provided with the distribution. Publication is not required when
    28                           ;        this file is used in an embedded application.
    29                           ; 
    30                           ;     3. Microchip's name may not be used to endorse or promote products derived from th
      +                          is
    31                           ;        software without specific prior written permission.
    32                           ; 
    33                           ; THIS SOFTWARE IS PROVIDED BY MICROCHIP "AS IS" AND ANY EXPRESS OR IMPLIED WARRANTIES,
    34                           ; INCLUDING, BUT NOT LIMITED TO, THE IMPLIED WARRANTIES OF MERCHANTABILITY AND FITNESS F
      +                          OR
    35                           ; PURPOSE ARE DISCLAIMED.  IN NO EVENT SHALL MICROCHIP BE LIABLE FOR ANY DIRECT, INDIREC
      +                          T,
    36                           ; INCIDENTAL, SPECIAL, EXEMPLARY, OR CONSEQUENTIAL DAMAGES (INCLUDING BUT NOT LIMITED TO
    37                           ; PROCUREMENT OF SUBSTITUTE GOODS OR SERVICES; LOSS OF USE, DATA OR PROFITS; OR BUSINESS
    38                           ; INTERRUPTION) HOWSOEVER CAUSED AND ON ANY THEORY OF LIABILITY, WHETHER IN CONTRACT, ST
      +                          RICT
    39                           ; LIABILITY, OR TORT (INCLUDING NEGLIGENCE OR OTHERWISE) ARISING IN ANY WAY OUT OF THE U
      +                          SE OF
    40                           ; THIS SOFTWARE, EVEN IF ADVISED OF THE POSSIBILITY OF SUCH DAMAGE.
    41                           ; 
    42                           ; 
    43                           ; Code-generator required, PIC12F675 Definitions
    44                           ; 
    45                           ; SFR Addresses
    46     0000                     	;# 
    47     0001                     	;# 
    48     0002                     	;# 
    49     0003                     	;# 
    50     0004                     	;# 
    51     0005                     	;# 
    52     000A                     	;# 
    53     000B                     	;# 
    54     000C                     	;# 
    55     000E                     	;# 
    56     000E                     	;# 
    57     000F                     	;# 
    58     0010                     	;# 
    59     0019                     	;# 
    60     001E                     	;# 
    61     001F                     	;# 
    62     0081                     	;# 
    63     0085                     	;# 
    64     008C                     	;# 
    65     008E                     	;# 
    66     0090                     	;# 
    67     0095                     	;# 
    68     0096                     	;# 
    69     0096                     	;# 
    70     0099                     	;# 
    71     009A                     	;# 
    72     009A                     	;# 
    73     009B                     	;# 
    74     009C                     	;# 
    75     009D                     	;# 
    76     009E                     	;# 
    77     009F                     	;# 
    78     0000                     	;# 
    79     0001                     	;# 
    80     0002                     	;# 
    81     0003                     	;# 
    82     0004                     	;# 
    83     0005                     	;# 
    84     000A                     	;# 
    85     000B                     	;# 
    86     000C                     	;# 
    87     000E                     	;# 
    88     000E                     	;# 
    89     000F                     	;# 
    90     0010                     	;# 
    91     0019                     	;# 
    92     001E                     	;# 
    93     001F                     	;# 
    94     0081                     	;# 
    95     0085                     	;# 
    96     008C                     	;# 
    97     008E                     	;# 
    98     0090                     	;# 
    99     0095                     	;# 
   100     0096                     	;# 
   101     0096                     	;# 
   102     0099                     	;# 
   103     009A                     	;# 
   104     009A                     	;# 
   105     009B                     	;# 
   106     009C                     	;# 
   107     009D                     	;# 
   108     009E                     	;# 
   109     009F                     	;# 
   110     0005                     _GPIObits	set	5
   111     0019                     _CMCON	set	25
   112     0005                     _GPIO	set	5
   113     0085                     _TRISIObits	set	133
   114                           
   115                           	psect	cinit
   116     03FD                     start_initialization:	
   117                           ; #config settings
   118                           
   119     03FD                     __initialization:
   120     03FD                     end_of_initialization:	
   121                           ;End of C runtime variable initialization code
   122                           
   123     03FD                     __end_of__initialization:
   124     03FD  0183               	clrf	3
   125     03FE  2BDB               	ljmp	_main	;jump to C main() function
   126                           
   127                           	psect	cstackBANK0
   128     0020                     __pcstackBANK0:
   129     0020                     ??_main:
   130     0020                     ?_main:	
   131                           ; 1 bytes @ 0x0
   132                           
   133                           
   134                           ; 2 bytes @ 0x0
   135     0020                     	ds	3
   136                           
   137                           	psect	maintext
   138     03DB                     __pmaintext:	
   139 ;;
   140 ;;Main: autosize = 0, tempsize = 3, incstack = 0, save=0
   141 ;;
   142 ;; *************** function _main *****************
   143 ;; Defined at:
   144 ;;		line 30 in file "main.c"
   145 ;; Parameters:    Size  Location     Type
   146 ;;		None
   147 ;; Auto vars:     Size  Location     Type
   148 ;;		None
   149 ;; Return value:  Size  Location     Type
   150 ;;                  2   14[None  ] int 
   151 ;; Registers used:
   152 ;;		wreg, status,2, status,0
   153 ;; Tracked objects:
   154 ;;		On entry : B00/0
   155 ;;		On exit  : 0/0
   156 ;;		Unchanged: 0/0
   157 ;; Data sizes:     COMMON   BANK0
   158 ;;      Params:         0       0
   159 ;;      Locals:         0       0
   160 ;;      Temps:          0       3
   161 ;;      Totals:         0       3
   162 ;;Total ram usage:        3 bytes
   163 ;; This function calls:
   164 ;;		Nothing
   165 ;; This function is called by:
   166 ;;		Startup code after reset
   167 ;; This function uses a non-reentrant model
   168 ;;
   169                           
   170     03DB                     _main:	
   171                           ;psect for function _main
   172                           
   173     03DB                     l572:	
   174                           ;incstack = 0
   175                           ; Regs used in _main: [wreg+status,2+status,0]
   176                           
   177                           
   178                           ;main.c: 32:   GPIO = 0x00;
   179     03DB  1283               	bcf	3,5	;RP0=0, select bank0
   180     03DC  0185               	clrf	5	;volatile
   181     03DD                     l574:
   182                           
   183                           ;main.c: 33:   TRISIObits.TRISIO5 = 0;
   184     03DD  1683               	bsf	3,5	;RP0=1, select bank1
   185     03DE  1285               	bcf	5,5	;volatile
   186     03DF                     l576:
   187                           
   188                           ;main.c: 34:   CMCON = 0x07;
   189     03DF  3007               	movlw	7
   190     03E0  1283               	bcf	3,5	;RP0=0, select bank0
   191     03E1  0099               	movwf	25	;volatile
   192     03E2                     l578:
   193                           
   194                           ;main.c: 37:       GPIObits.GP5 = ~GPIObits.GP5;
   195     03E2  1003               	clrc
   196     03E3  1283               	bcf	3,5	;RP0=0, select bank0
   197     03E4  1E85               	btfss	5,5	;volatile
   198     03E5  1403               	setc
   199     03E6  1803               	btfsc	3,0
   200     03E7  2BE9               	goto	u31
   201     03E8  2BEC               	goto	u30
   202     03E9                     u31:
   203     03E9  1283               	bcf	3,5	;RP0=0, select bank0
   204     03EA  1685               	bsf	5,5	;volatile
   205     03EB  2BEE               	goto	u44
   206     03EC                     u30:
   207     03EC  1283               	bcf	3,5	;RP0=0, select bank0
   208     03ED  1285               	bcf	5,5	;volatile
   209     03EE                     u44:
   210     03EE                     l580:
   211                           
   212                           ;main.c: 38:       _delay((unsigned long)((1000)*(4000000/4000.0)));
   213     03EE  3006               	movlw	6
   214     03EF  00A2               	movwf	??_main+2
   215     03F0  3013               	movlw	19
   216     03F1  00A1               	movwf	??_main+1
   217     03F2  30AD               	movlw	173
   218     03F3  00A0               	movwf	??_main
   219     03F4                     u57:
   220     03F4  0BA0               	decfsz	??_main,f
   221     03F5  2BF4               	goto	u57
   222     03F6  0BA1               	decfsz	??_main+1,f
   223     03F7  2BF4               	goto	u57
   224     03F8  0BA2               	decfsz	??_main+2,f
   225     03F9  2BF4               	goto	u57
   226     03FA  2BFB               	nop2
   227     03FB  2BE2               	goto	l578
   228     03FC  2800               	ljmp	start
   229     03FD                     __end_of_main:
   230     005E                     btemp	set	94	;btemp
   231     005E                     wtemp0	set	94
   232                           
   233                           	psect	idloc
   234                           
   235                           ;Config register IDLOC0 @ 0x2000
   236                           ;	unspecified, using default values
   237     2000                     	org	8192
   238     2000  3FFF               	dw	16383
   239                           
   240                           ;Config register IDLOC1 @ 0x2001
   241                           ;	unspecified, using default values
   242     2001                     	org	8193
   243     2001  3FFF               	dw	16383
   244                           
   245                           ;Config register IDLOC2 @ 0x2002
   246                           ;	unspecified, using default values
   247     2002                     	org	8194
   248     2002  3FFF               	dw	16383
   249                           
   250                           ;Config register IDLOC3 @ 0x2003
   251                           ;	unspecified, using default values
   252     2003                     	org	8195
   253     2003  3FFF               	dw	16383
   254                           
   255                           	psect	config
   256                           
   257                           ;Config register CONFIG @ 0x2007
   258                           ;	Oscillator Selection bits
   259                           ;	FOSC = INTRCIO, INTOSC oscillator: I/O function on GP4/OSC2/CLKOUT pin, I/O function o
      +                          n GP5/OSC1/CLKIN
   260                           ;	Watchdog Timer Enable bit
   261                           ;	WDTE = OFF, WDT disabled
   262                           ;	Power-Up Timer Enable bit
   263                           ;	PWRTE = OFF, PWRT disabled
   264                           ;	GP3/MCLR pin function select
   265                           ;	MCLRE = OFF, GP3/MCLR pin function is digital I/O, MCLR internally tied to VDD
   266                           ;	Brown-out Detect Enable bit
   267                           ;	BOREN = OFF, BOD disabled
   268                           ;	Code Protection bit
   269                           ;	CP = OFF, Program Memory code protection is disabled
   270                           ;	Data Code Protection bit
   271                           ;	CPD = OFF, Data memory code protection is disabled
   272     2007                     	org	8199
   273     2007  3194               	dw	12692

Data Sizes:
    Strings     0
    Constant    0
    Data        0
    BSS         0
    Persistent  0
    Stack       0

Auto Spaces:
    Space          Size  Autos    Used
    COMMON            0      0       0
    BANK0            62      3       3

Pointer List with Targets:

    None.

Critical Paths under _main in COMMON

    None.

Critical Paths under _main in BANK0

    None.

Call Graph Tables:

 ---------------------------------------------------------------------------------
 (Depth) Function   	        Calls       Base Space   Used Autos Params    Refs
 ---------------------------------------------------------------------------------
 (0) _main                                                 3     3      0       0
                                              0 BANK0      3     3      0
 ---------------------------------------------------------------------------------
 Estimated maximum stack depth 0
 ---------------------------------------------------------------------------------

 Call Graph Graphs:

 _main (ROOT)

 Address spaces:
Name               Size   Autos  Total    Cost      Usage
BITCOMMON            0      0       0       0        0.0%
EEDATA              80      0       0       0        0.0%
NULL                 0      0       0       0        0.0%
CODE                 0      0       0       0        0.0%
BITSFR0              0      0       0       1        0.0%
SFR0                 0      0       0       1        0.0%
COMMON               0      0       0       1        0.0%
BITSFR1              0      0       0       2        0.0%
SFR1                 0      0       0       2        0.0%
STACK                0      0       0       2        0.0%
BITBANK0            3E      0       0       3        0.0%
BANK0               3E      3       3       4        4.8%
ABS                  0      0       0       5        0.0%
DATA                 0      0       0       6        0.0%


Microchip Technology PIC Macro Assembler V2.45 build 20230818022343 
Symbol Table                                                                                   Wed Nov 08 21:35:14 2023

                     u30 03EC                       u31 03E9                       u44 03EE  
                     u57 03F4                      l580 03EE                      l572 03DB  
                    l574 03DD                      l576 03DF                      l578 03E2  
                   _GPIO 0005                     _main 03DB                     btemp 005E  
                   start 0000                    ?_main 0020                    _CMCON 0019  
                  status 0003                    wtemp0 005E          __initialization 03FD  
           __end_of_main 03FD                   ??_main 0020  __end_of__initialization 03FD  
             __pmaintext 03DB     end_of_initialization 03FD      start_initialization 03FD  
              ___latbits 0000            __pcstackBANK0 0020                 _GPIObits 0005  
             _TRISIObits 0085  
